app/build/outputs/logs/manifest-merger-release-report.txt
-- Merging decision tree log ---
manifest
ADDED from src\main\AndroidManifest.xml:2:1-106:12
	package
		ADDED from src\main\AndroidManifest.xml:3:5-34
		INJECTED from src\main\AndroidManifest.xml
		INJECTED from src\main\AndroidManifest.xml
	android:versionName
		INJECTED from src\main\AndroidManifest.xml
		INJECTED from src\main\AndroidManifest.xml
	xmlns:android
		ADDED from src\main\AndroidManifest.xml:2:11-69
	android:versionCode
		INJECTED from src\main\AndroidManifest.xml
		INJECTED from src\main\AndroidManifest.xml
	android:installLocation
		ADDED from src\main\AndroidManifest.xml:4:5-35
uses-permission#android.permission.READ_EXTERNAL_STORAGE
ADDED from src\main\AndroidManifest.xml:6:5-80
	android:name
		ADDED from src\main\AndroidManifest.xml:6:22-77
uses-permission#android.permission.MANAGE_DOCUMENTS
ADDED from src\main\AndroidManifest.xml:7:5-75
	android:name
		ADDED from src\main\AndroidManifest.xml:7:22-72
uses-permission#android.permission.INTERNET
ADDED from src\main\AndroidManifest.xml:9:5-67
	android:name
		ADDED from src\main\AndroidManifest.xml:9:22-64
uses-permission#android.permission.ACCESS_NETWORK_STATE
ADDED from src\main\AndroidManifest.xml:11:5-79
	android:name
		ADDED from src\main\AndroidManifest.xml:11:22-76
uses-permission#android.permission.READ_PHONE_STATE
ADDED from src\main\AndroidManifest.xml:13:5-75
	android:name
		ADDED from src\main\AndroidManifest.xml:13:22-72
service#com.mastek.mobilyft.NotificationService
ADDED from src\main\AndroidManifest.xml:15:5-19:15
	android:name
		ADDED from src\main\AndroidManifest.xml:15:14-49
intent-filter#com.mastek.mobilyft.NotificationService
ADDED from src\main\AndroidManifest.xml:16:9-18:25
action#com.mastek.mobilyft.NotificationService
ADDED from src\main\AndroidManifest.xml:17:13-78
	android:name
		ADDED from src\main\AndroidManifest.xml:17:21-75
receiver#com.mastek.mobilyft.BootReceiver
ADDED from src\main\AndroidManifest.xml:21:5-29:16
	android:enabled
		ADDED from src\main\AndroidManifest.xml:23:9-31
	android:label
		ADDED from src\main\AndroidManifest.xml:25:9-37
	android:exported
		ADDED from src\main\AndroidManifest.xml:24:9-32
	android:name
		ADDED from src\main\AndroidManifest.xml:22:9-37
intent-filter#android.intent.action.BOOT_COMPLETED
ADDED from src\main\AndroidManifest.xml:26:9-28:25
action#android.intent.action.BOOT_COMPLETED
ADDED from src\main\AndroidManifest.xml:27:13-75
	android:name
		ADDED from src\main\AndroidManifest.xml:27:21-72
application
ADDED from src\main\AndroidManifest.xml:31:5-104:19
MERGED from [com.android.support:appcompat-v7:23.0.1] AndroidManifest.xml:22:5-20
MERGED from [com.android.support:support-v4:23.0.1] AndroidManifest.xml:22:5-20
MERGED from [com.android.support:design:23.0.1] AndroidManifest.xml:22:5-20
MERGED from [com.android.support:support-v4:23.0.1] AndroidManifest.xml:22:5-20
MERGED from [com.android.support:appcompat-v7:23.0.1] AndroidManifest.xml:22:5-20
MERGED from [com.android.support:support-v4:23.0.1] AndroidManifest.xml:22:5-20
	android:label
		ADDED from src\main\AndroidManifest.xml:35:9-41
	android:supportsRtl
		ADDED from src\main\AndroidManifest.xml:36:9-35
	android:allowBackup
		ADDED from src\main\AndroidManifest.xml:33:9-35
	android:icon
		ADDED from src\main\AndroidManifest.xml:34:9-43
	android:theme
		ADDED from src\main\AndroidManifest.xml:37:9-40
	android:name
		ADDED from src\main\AndroidManifest.xml:32:9-36
activity#com.mastek.mobilyft.RegistrationActivity
ADDED from src\main\AndroidManifest.xml:38:9-42:20
	android:screenOrientation
		ADDED from src\main\AndroidManifest.xml:41:13-49
	android:label
		ADDED from src\main\AndroidManifest.xml:40:13-64
	android:name
		ADDED from src\main\AndroidManifest.xml:39:13-49
activity#com.mastek.mobilyft.OTPActivity
ADDED from src\main\AndroidManifest.xml:43:9-47:20
	android:screenOrientation
		ADDED from src\main\AndroidManifest.xml:46:13-49
	android:label
		ADDED from src\main\AndroidManifest.xml:45:13-55
	android:name
		ADDED from src\main\AndroidManifest.xml:44:13-40
activity#com.mastek.mobilyft.CurrentLocationActivity
ADDED from src\main\AndroidManifest.xml:48:9-52:20
	android:screenOrientation
		ADDED from src\main\AndroidManifest.xml:51:13-49
	android:label
		ADDED from src\main\AndroidManifest.xml:50:13-67
	android:name
		ADDED from src\main\AndroidManifest.xml:49:13-52
activity#com.mastek.mobilyft.HomeActivity
ADDED from src\main\AndroidManifest.xml:53:9-58:20
	android:screenOrientation
		ADDED from src\main\AndroidManifest.xml:56:13-49
	android:label
		ADDED from src\main\AndroidManifest.xml:55:13-56
	android:theme
		ADDED from src\main\AndroidManifest.xml:57:13-56
	android:name
		ADDED from src\main\AndroidManifest.xml:54:13-41
activity#com.mastek.mobilyft.OfferRideActivity
ADDED from src\main\AndroidManifest.xml:59:9-63:20
	android:screenOrientation
		ADDED from src\main\AndroidManifest.xml:62:13-49
	android:label
		ADDED from src\main\AndroidManifest.xml:61:13-61
	android:name
		ADDED from src\main\AndroidManifest.xml:60:13-46
activity#com.mastek.mobilyft.AvailRideActivity
ADDED from src\main\AndroidManifest.xml:64:9-68:20
	android:screenOrientation
		ADDED from src\main\AndroidManifest.xml:67:13-49
	android:label
		ADDED from src\main\AndroidManifest.xml:66:13-61
	android:name
		ADDED from src\main\AndroidManifest.xml:65:13-46
activity#com.mastek.mobilyft.SplashActivity
ADDED from src\main\AndroidManifest.xml:69:9-79:20
	android:screenOrientation
		ADDED from src\main\AndroidManifest.xml:72:13-49
	android:label
		ADDED from src\main\AndroidManifest.xml:71:13-45
	android:theme
		ADDED from src\main\AndroidManifest.xml:73:13-56
	android:name
		ADDED from src\main\AndroidManifest.xml:70:13-43
intent-filter#android.intent.action.MAIN+android.intent.category.LAUNCHER
ADDED from src\main\AndroidManifest.xml:74:13-78:29
action#android.intent.action.MAIN
ADDED from src\main\AndroidManifest.xml:75:17-69
	android:name
		ADDED from src\main\AndroidManifest.xml:75:25-66
category#android.intent.category.LAUNCHER
ADDED from src\main\AndroidManifest.xml:77:17-77
	android:name
		ADDED from src\main\AndroidManifest.xml:77:27-74
activity#com.mastek.mobilyft.DisplayAvailableRidesActivity
ADDED from src\main\AndroidManifest.xml:80:9-84:20
	android:screenOrientation
		ADDED from src\main\AndroidManifest.xml:83:13-49
	android:label
		ADDED from src\main\AndroidManifest.xml:82:13-66
	android:name
		ADDED from src\main\AndroidManifest.xml:81:13-58
activity#com.mastek.mobilyft.DisplaySelectedRideDetailsActivity
ADDED from src\main\AndroidManifest.xml:85:9-89:20
	android:screenOrientation
		ADDED from src\main\AndroidManifest.xml:88:13-49
	android:label
		ADDED from src\main\AndroidManifest.xml:87:13-64
	android:name
		ADDED from src\main\AndroidManifest.xml:86:13-63
activity#com.mastek.mobilyft.AvatarActivity
ADDED from src\main\AndroidManifest.xml:90:9-91:20
	android:name
		ADDED from src\main\AndroidManifest.xml:90:19-49
activity#com.mastek.mobilyft.MembersListActivity
ADDED from src\main\AndroidManifest.xml:92:9-96:20
	android:screenOrientation
		ADDED from src\main\AndroidManifest.xml:95:13-49
	android:label
		ADDED from src\main\AndroidManifest.xml:94:13-63
	android:name
		ADDED from src\main\AndroidManifest.xml:93:13-48
activity#com.mastek.mobilyft.VehicleRegistrationActivity
ADDED from src\main\AndroidManifest.xml:97:9-101:20
	android:screenOrientation
		ADDED from src\main\AndroidManifest.xml:100:13-49
	android:label
		ADDED from src\main\AndroidManifest.xml:99:13-71
	android:name
		ADDED from src\main\AndroidManifest.xml:98:13-56
activity#com.mastek.mobilyft.RequestedRidesActivity
ADDED from src\main\AndroidManifest.xml:102:9-103:20
	android:name
		ADDED from src\main\AndroidManifest.xml:102:19-57
uses-sdk
INJECTED from src\main\AndroidManifest.xml reason: use-sdk injection requested
MERGED from [com.android.support:appcompat-v7:23.0.1] AndroidManifest.xml:20:5-43
MERGED from [com.android.support:support-v4:23.0.1] AndroidManifest.xml:20:5-43
MERGED from [com.android.support:design:23.0.1] AndroidManifest.xml:20:5-43
MERGED from [com.android.support:support-v4:23.0.1] AndroidManifest.xml:20:5-43
MERGED from [com.android.support:appcompat-v7:23.0.1] AndroidManifest.xml:20:5-43
MERGED from [com.android.support:support-v4:23.0.1] AndroidManifest.xml:20:5-43
	android:targetSdkVersion
		INJECTED from src\main\AndroidManifest.xml
		INJECTED from src\main\AndroidManifest.xml
	android:minSdkVersion
		INJECTED from src\main\AndroidManifest.xml
		INJECTED from src\main\AndroidManifest.xml